c:\users\denver\dropbox\gap160_denverboyer\labs\renderer_lab_7_shaders_galore\make stuff\debug\vc120.pdb
c:\users\denver\dropbox\gap160_denverboyer\labs\renderer_lab_7_shaders_galore\make stuff\debug\vc120.idb
c:\users\denver\dropbox\gap160_denverboyer\labs\renderer_lab_7_shaders_galore\make stuff\debug\geometry.obj
c:\users\denver\dropbox\gap160_denverboyer\labs\renderer_lab_7_shaders_galore\make stuff\debug\glwindow.obj
c:\users\denver\dropbox\gap160_denverboyer\labs\renderer_lab_7_shaders_galore\make stuff\debug\glwindow_moc.obj
c:\users\denver\dropbox\gap160_denverboyer\labs\renderer_lab_7_shaders_galore\make stuff\debug\keyboardcontroller.obj
c:\users\denver\dropbox\gap160_denverboyer\labs\renderer_lab_7_shaders_galore\make stuff\debug\light.obj
c:\users\denver\dropbox\gap160_denverboyer\labs\renderer_lab_7_shaders_galore\make stuff\debug\logwriter.obj
c:\users\denver\dropbox\gap160_denverboyer\labs\renderer_lab_7_shaders_galore\make stuff\debug\movementcontroller.obj
c:\users\denver\dropbox\gap160_denverboyer\labs\renderer_lab_7_shaders_galore\make stuff\debug\orbitor.obj
c:\users\denver\dropbox\gap160_denverboyer\labs\renderer_lab_7_shaders_galore\make stuff\debug\player.obj
c:\users\denver\dropbox\gap160_denverboyer\labs\renderer_lab_7_shaders_galore\make stuff\debug\randomwalker.obj
c:\users\denver\dropbox\gap160_denverboyer\labs\renderer_lab_7_shaders_galore\make stuff\debug\reader.obj
c:\users\denver\dropbox\gap160_denverboyer\labs\renderer_lab_7_shaders_galore\make stuff\debug\rungame.obj
c:\users\denver\dropbox\gap160_denverboyer\labs\renderer_lab_7_shaders_galore\make stuff\debug\main.obj
c:\users\denver\dropbox\gap160_denverboyer\labs\renderer_lab_7_shaders_galore\make stuff\debug\shapegen.obj
c:\users\denver\dropbox\gap160_denverboyer\labs\renderer_lab_7_shaders_galore\make stuff\debug\stalker_walker.obj
c:\users\denver\dropbox\gap160_denverboyer\labs\renderer_lab_7_shaders_galore\make stuff\debug\textureinfo.obj
c:\users\denver\dropbox\gap160_denverboyer\labs\renderer_lab_7_shaders_galore\make stuff\debug\transforminfo.obj
c:\users\denver\dropbox\gap160_denverboyer\labs\renderer_lab_7_shaders_galore\make stuff\debug\shaderinfo.obj
c:\users\denver\dropbox\gap160_denverboyer\labs\renderer_lab_7_shaders_galore\make stuff\debug\widget.obj
c:\users\denver\dropbox\gap160_denverboyer\labs\renderer_lab_7_shaders_galore\make stuff\debug\widget_moc.obj
c:\users\denver\dropbox\gap160_denverboyer\labs\renderer_lab_7_shaders_galore\make stuff\debug\bufferinfo.obj
c:\users\denver\dropbox\gap160_denverboyer\labs\renderer_lab_7_shaders_galore\make stuff\debug\buffermanager.obj
c:\users\denver\dropbox\gap160_denverboyer\labs\renderer_lab_7_shaders_galore\make stuff\debug\renderable.obj
c:\users\denver\dropbox\gap160_denverboyer\labs\renderer_lab_7_shaders_galore\make stuff\debug\renderengine.obj
c:\users\denver\dropbox\gap160_denverboyer\labs\renderer_lab_7_shaders_galore\make stuff\debug\bmp_loader.obj
c:\users\denver\dropbox\gap160_denverboyer\labs\renderer_lab_7_shaders_galore\make stuff\debug\camera.obj
c:\users\denver\dropbox\gap160_denverboyer\labs\renderer_lab_7_shaders_galore\make stuff\debug\debugslider.obj
c:\users\denver\dropbox\gap160_denverboyer\labs\renderer_lab_7_shaders_galore\make stuff\debug\debugslider_moc.obj
c:\users\denver\dropbox\gap160_denverboyer\labs\renderer_lab_7_shaders_galore\make stuff\debug\dt.obj
c:\users\denver\dropbox\gap160_denverboyer\labs\renderer_lab_7_shaders_galore\make stuff\debug\filewriter.obj
c:\users\denver\dropbox\gap160_denverboyer\labs\renderer_lab_7_shaders_galore\debug\make stuff.ilk
c:\users\denver\dropbox\gap160_denverboyer\labs\renderer_lab_7_shaders_galore\debug\make stuff.exe
c:\users\denver\dropbox\gap160_denverboyer\labs\renderer_lab_7_shaders_galore\debug\make stuff.pdb
c:\users\denver\dropbox\gap160_denverboyer\labs\renderer_lab_7_shaders_galore\make stuff\debug\make stuff.res
c:\users\denver\dropbox\gap160_denverboyer\labs\renderer_lab_7_shaders_galore\make stuff\debug\make stuff.tlog\cl.command.1.tlog
c:\users\denver\dropbox\gap160_denverboyer\labs\renderer_lab_7_shaders_galore\make stuff\debug\make stuff.tlog\cl.read.1.tlog
c:\users\denver\dropbox\gap160_denverboyer\labs\renderer_lab_7_shaders_galore\make stuff\debug\make stuff.tlog\cl.write.1.tlog
c:\users\denver\dropbox\gap160_denverboyer\labs\renderer_lab_7_shaders_galore\make stuff\debug\make stuff.tlog\link.command.1.tlog
c:\users\denver\dropbox\gap160_denverboyer\labs\renderer_lab_7_shaders_galore\make stuff\debug\make stuff.tlog\link.read.1.tlog
c:\users\denver\dropbox\gap160_denverboyer\labs\renderer_lab_7_shaders_galore\make stuff\debug\make stuff.tlog\link.write.1.tlog
c:\users\denver\dropbox\gap160_denverboyer\labs\renderer_lab_7_shaders_galore\make stuff\debug\make stuff.tlog\rc.command.1.tlog
c:\users\denver\dropbox\gap160_denverboyer\labs\renderer_lab_7_shaders_galore\make stuff\debug\make stuff.tlog\rc.read.1.tlog
c:\users\denver\dropbox\gap160_denverboyer\labs\renderer_lab_7_shaders_galore\make stuff\debug\make stuff.tlog\rc.write.1.tlog
